DLL version: 2.3.3
Sunday, November 22, 2015 14:02:34   Start new logging
ModuleID[2] LevelID[10]: CMyExceptionHandler thread is running
ModuleID[2] LevelID[1]: new MxHidDeviceClass
ModuleID[2] LevelID[1]: new MxHidDeviceClass
ModuleID[2] LevelID[1]: new MxHidDeviceClass
ModuleID[2] LevelID[1]: new MxHidDeviceClass
ModuleID[2] LevelID[10]: Device Manager thread is running
ModuleID[2] LevelID[10]: DeviceManager::DevChangeWnd::OnDeviceChange() - DEVICE_REMOVAL_EVT(\\?\USB#VID_15A2&PID_0054#5&1c8c57d1&0&1#{a5dcbf10-6530-11d2-901f-00c04fb951ed})
ModuleID[2] LevelID[10]: DeviceManager::DevChangeWnd::OnDeviceChange() - end
ModuleID[2] LevelID[10]: DeviceManager::OnMsgDeviceEvent() - DEVICE_REMOVAL_EVT(\\?\USB#VID_15A2&PID_0054#5&1c8c57d1&0&1#{a5dcbf10-6530-11d2-901f-00c04fb951ed})
ModuleID[2] LevelID[10]: DeviceClass::FindDeviceByUsbPath--DeviceListType_Current, _devices.size: 0
ModuleID[2] LevelID[10]: DeviceManager::OnMsgDeviceEvent() - DEVICE_REMOVAL_EVT,[MxHidDeviceClass] vid_15a2&pid_0054, Hub:0-Port:0
ModuleID[2] LevelID[10]: DeviceManager::DevChangeWnd::OnDeviceChange() - DEVICE_ARRIVAL_EVT(\\?\USB#VID_15A2&PID_0054#5&1c8c57d1&0&1#{a5dcbf10-6530-11d2-901f-00c04fb951ed})
ModuleID[2] LevelID[10]: DeviceManager::DevChangeWnd::OnDeviceChange() - end
ModuleID[2] LevelID[10]: DeviceManager::OnMsgDeviceEvent() - DEVICE_ARRIVAL_EVT(\\?\USB#VID_15A2&PID_0054#5&1c8c57d1&0&1#{a5dcbf10-6530-11d2-901f-00c04fb951ed})
ModuleID[2] LevelID[10]: DeviceClass::FindDeviceByUsbPath--DeviceListType_Current, _devices.size: 0
ModuleID[2] LevelID[1]: DeviceClass::FindDeviceByUsbPath() - DeviceListType_New--index: 0
ModuleID[2] LevelID[1]: DeviceClass::FindDeviceByUsbPath() - DeviceListType_New--devPath: \\?\hid#vid_15a2&pid_0054#6&2b595e9&0&0000#{4d1e55b2-f16f-11cf-88cb-001111000030}
ModuleID[2] LevelID[10]: new MxHidDevice[00A69AB8]
ModuleID[2] LevelID[10]: DeviceClass::FindDeviceByUsbPath--DeviceListType_New, devInstPathToFind: USB\VID_15A2&PID_0054\5&1C8C57D1&0&1, _deviceInstanceID: USB\VID_15A2&PID_0054\5&1C8C57D1&0&1
ModuleID[2] LevelID[10]: DeviceClass::FindDeviceByUsbPath--DeviceListType_New, Find the device, Port: 1
ModuleID[2] LevelID[10]: DeviceClass::AddUsbDevice() successful USB#VID_15A2&PID_0054#5&1C8C57D1&0&1#{A5DCBF10-6530-11D2-901F-00C04FB951ED} add to current list, retrycount: 0
ModuleID[2] LevelID[10]: DeviceManager::OnMsgDeviceEvent() - DEVICE_ARRIVAL_EVT,[MxHidDeviceClass] vid_15a2&pid_0054, Hub:1-Port:1
ModuleID[2] LevelID[10]: DeviceManager::OnMsgDeviceEvent() - DEVICE_ARRIVAL_EVT, Notify
ModuleID[2] LevelID[10]: CmdOpreation[0]--OnDeviceChangeNotify, Volume Arrive/Remove or Device Arrive/Remove
ModuleID[2] LevelID[10]: CmdOpreation[0]--OnDeviceChangeNotify, m_p_usb_port is not NULL, so only refresh
ModuleID[2] LevelID[10]: CmdOpreation[0]--OnDeviceChangeNotify, Volume/Device Arrive
ModuleID[2] LevelID[1]: CmdOpreation[0]--set m_hDeviceArriveEvent.
ModuleID[2] LevelID[10]: CmdOpreation[0]--WaitforEvents device arrive1
ModuleID[2] LevelID[10]: CmdOperation[0] device chagned and reset to state 0
ModuleID[2] LevelID[10]: ExecuteCommand--Boot[WndIndex:0], File is C:\Users\inthch\Downloads\mfgtools\Profiles\Linux\OS Firmware\firmware\u-boot-imx6qsabresd_sd.imx
ModuleID[2] LevelID[10]: CmdOperation[0], skip current command, so SetEvent(hDevCanDeleteEvent)
ModuleID[2] LevelID[10]: CmdOperation[0], skip current command, so SetEvent(hDevCanDeleteEvent)
ModuleID[2] LevelID[10]: CmdOperation[0], skip current command, so SetEvent(hDevCanDeleteEvent)
ModuleID[2] LevelID[10]: ExecuteCommand--Load[WndIndex:0], File is C:\Users\inthch\Downloads\mfgtools\Profiles\Linux\OS Firmware\firmware\zImage, address is 0x12000000
ModuleID[2] LevelID[10]: PortMgrDlg(0)--Command Load excute successfully, retry count: 0
ModuleID[2] LevelID[10]: CmdOperation[0], skip current command, so SetEvent(hDevCanDeleteEvent)
ModuleID[2] LevelID[10]: ExecuteCommand--Load[WndIndex:0], File is C:\Users\inthch\Downloads\mfgtools\Profiles\Linux\OS Firmware\firmware\fsl-image-mfgtool-initramfs-imx6qdlsolo.cpio.gz.u-boot, address is 0x12C00000
ModuleID[2] LevelID[10]: PortMgrDlg(0)--Command Load excute successfully, retry count: 0
ModuleID[2] LevelID[10]: CmdOperation[0], skip current command, so SetEvent(hDevCanDeleteEvent)
ModuleID[2] LevelID[10]: ExecuteCommand--Load[WndIndex:0], File is C:\Users\inthch\Downloads\mfgtools\Profiles\Linux\OS Firmware\firmware\zImage-imx6q-sabresd.dtb, address is 0x18000000
ModuleID[2] LevelID[10]: PortMgrDlg(0)--Command Load excute successfully, retry count: 0
ModuleID[2] LevelID[10]: CmdOperation[0], skip current command, so SetEvent(hDevCanDeleteEvent)
ModuleID[2] LevelID[10]: CmdOperation[0], skip current command, so SetEvent(hDevCanDeleteEvent)
ModuleID[2] LevelID[10]: CmdOperation[0], skip current command, so SetEvent(hDevCanDeleteEvent)
ModuleID[2] LevelID[10]: ExecuteCommand--Jump[WndIndex:0]
ModuleID[2] LevelID[10]: *********MxHidDevice[00A69AB8] Jump to Ramkernel successfully!**********
ModuleID[2] LevelID[10]: CmdOperation[0], current state command has been finished and the last command is successful, so SetEvent(hDevCanDeleteEvent)
ModuleID[2] LevelID[10]: DeviceManager::DevChangeWnd::OnDeviceChange() - DEVICE_REMOVAL_EVT(\\?\USB#VID_15A2&PID_0054#5&1c8c57d1&0&1#{a5dcbf10-6530-11d2-901f-00c04fb951ed})
ModuleID[2] LevelID[10]: DeviceManager::DevChangeWnd::OnDeviceChange() - end
ModuleID[2] LevelID[10]: DeviceManager::OnMsgDeviceEvent() - DEVICE_REMOVAL_EVT(\\?\USB#VID_15A2&PID_0054#5&1c8c57d1&0&1#{a5dcbf10-6530-11d2-901f-00c04fb951ed})
ModuleID[2] LevelID[10]: DeviceClass::FindDeviceByUsbPath--DeviceListType_Current, _devices.size: 1
ModuleID[2] LevelID[10]: DeviceClass::FindDeviceByUsbPath--DeviceListType_Current, devInstPathToFind: USB\VID_15A2&PID_0054\5&1C8C57D1&0&1, _deviceInstanceID: USB\VID_15A2&PID_0054\5&1C8C57D1&0&1
ModuleID[2] LevelID[10]: DeviceClass::FindDeviceByUsbPath--DeviceListType_Current, Find the device
ModuleID[2] LevelID[10]: DeviceManager::OnMsgDeviceEvent() - DEVICE_REMOVAL_EVT,[MxHidDeviceClass] vid_15a2&pid_0054, Hub:1-Port:1
ModuleID[2] LevelID[10]: DeviceManager::OnMsgDeviceEvent() - DEVICE_REMOVAL_EVT, Notify
ModuleID[2] LevelID[10]: CmdOpreation[0]--OnDeviceChangeNotify, Volume Arrive/Remove or Device Arrive/Remove
ModuleID[2] LevelID[10]: CmdOpreation[0]--OnDeviceChangeNotify, m_p_usb_port is not NULL, so only refresh
ModuleID[2] LevelID[10]: CmdOpreation[0]--OnDeviceChangeNotify, Volume/Device Remove
ModuleID[2] LevelID[1]: CmdOpreation[0]--set m_hDeviceRemoveEvent.
ModuleID[2] LevelID[10]: CmdOpreation[0]--WaitforEvents device remove1
ModuleID[2] LevelID[10]: DeviceManager::OnMsgDeviceEvent()-DEVICE_REMOVAL_EVT, hDevCanDeleteEvent has been set
ModuleID[2] LevelID[10]: delete MxHidDevice[00A69AB8]
 